<?xml version="1.0" encoding="UTF-8"?>
<!-- Generated by org.testng.reporters.JUnitXMLReporter -->
<testsuite hostname="SL-QA101-HGKDL" name="Interpretation updation Test" tests="1" failures="0" timestamp="7 Feb 2017 15:48:01 GMT" time="0.012" errors="0">
  <testcase name="@BeforeTest checkTestSkip" time="0.0" classname="test.resources.com.sirion.suite.interpretation.InterpretationUpdate">
    <skipped/>
  </testcase> <!-- @BeforeTest checkTestSkip -->
  <testcase name="@AfterMethod reportDataSetResult" time="0.0" classname="test.resources.com.sirion.suite.interpretation.InterpretationUpdate">
    <skipped/>
  </testcase> <!-- @AfterMethod reportDataSetResult -->
  <testcase name="@AfterTest reportTestResult" time="0.0" classname="test.resources.com.sirion.suite.interpretation.InterpretationUpdate">
    <skipped/>
  </testcase> <!-- @AfterTest reportTestResult -->
  <testcase name="InterpretationUpdateTest" time="0.002" classname="test.resources.com.sirion.suite.interpretation.InterpretationUpdate">
    <skipped/>
  </testcase> <!-- InterpretationUpdateTest -->
</testsuite> <!-- Interpretation updation Test -->
