<?xml version="1.0" encoding="UTF-8"?>
<!-- Generated by org.testng.reporters.JUnitXMLReporter -->
<testsuite hostname="SL-QA101-HGKDL" name="Interpretation Workflow Non workflow Test" tests="1" failures="0" timestamp="7 Feb 2017 15:48:01 GMT" time="0.797" errors="0">
  <testcase name="interpretationNonWorkflowTest" time="0.002" classname="test.resources.com.sirion.suite.interpretation.IPWorkflowNonWorkflow">
    <skipped/>
  </testcase> <!-- interpretationNonWorkflowTest -->
</testsuite> <!-- Interpretation Workflow Non workflow Test -->
