<?xml version="1.0" encoding="UTF-8"?>
<!-- Generated by org.testng.reporters.JUnitXMLReporter -->
<testsuite hostname="SL-QA101-HGKDL" name="Interpretation Creation Test" tests="10" failures="0" timestamp="7 Feb 2017 15:48:00 GMT" time="0.133" errors="0">
  <testcase name="@BeforeTest checkTestSkip" time="0.0" classname="test.resources.com.sirion.suite.interpretation.InterpretationCreation">
    <skipped/>
  </testcase> <!-- @BeforeTest checkTestSkip -->
  <testcase name="@AfterMethod reportDataSetResult" time="0.0" classname="test.resources.com.sirion.suite.interpretation.InterpretationCreation">
    <skipped/>
  </testcase> <!-- @AfterMethod reportDataSetResult -->
  <testcase name="@AfterMethod reportDataSetResult" time="0.0" classname="test.resources.com.sirion.suite.interpretation.InterpretationCreation">
    <skipped/>
  </testcase> <!-- @AfterMethod reportDataSetResult -->
  <testcase name="@AfterMethod reportDataSetResult" time="0.0" classname="test.resources.com.sirion.suite.interpretation.InterpretationCreation">
    <skipped/>
  </testcase> <!-- @AfterMethod reportDataSetResult -->
  <testcase name="@AfterMethod reportDataSetResult" time="0.0" classname="test.resources.com.sirion.suite.interpretation.InterpretationCreation">
    <skipped/>
  </testcase> <!-- @AfterMethod reportDataSetResult -->
  <testcase name="@AfterMethod reportDataSetResult" time="0.0" classname="test.resources.com.sirion.suite.interpretation.InterpretationCreation">
    <skipped/>
  </testcase> <!-- @AfterMethod reportDataSetResult -->
  <testcase name="@AfterMethod reportDataSetResult" time="0.0" classname="test.resources.com.sirion.suite.interpretation.InterpretationCreation">
    <skipped/>
  </testcase> <!-- @AfterMethod reportDataSetResult -->
  <testcase name="@AfterMethod reportDataSetResult" time="0.0" classname="test.resources.com.sirion.suite.interpretation.InterpretationCreation">
    <skipped/>
  </testcase> <!-- @AfterMethod reportDataSetResult -->
  <testcase name="@AfterMethod reportDataSetResult" time="0.0" classname="test.resources.com.sirion.suite.interpretation.InterpretationCreation">
    <skipped/>
  </testcase> <!-- @AfterMethod reportDataSetResult -->
  <testcase name="@AfterMethod reportDataSetResult" time="0.0" classname="test.resources.com.sirion.suite.interpretation.InterpretationCreation">
    <skipped/>
  </testcase> <!-- @AfterMethod reportDataSetResult -->
  <testcase name="@AfterMethod reportDataSetResult" time="0.0" classname="test.resources.com.sirion.suite.interpretation.InterpretationCreation">
    <skipped/>
  </testcase> <!-- @AfterMethod reportDataSetResult -->
  <testcase name="@AfterTest reportTestResult" time="0.0" classname="test.resources.com.sirion.suite.interpretation.InterpretationCreation">
    <skipped/>
  </testcase> <!-- @AfterTest reportTestResult -->
  <testcase name="InterpretationCreateTest" time="0.002" classname="test.resources.com.sirion.suite.interpretation.InterpretationCreation">
    <skipped/>
  </testcase> <!-- InterpretationCreateTest -->
  <testcase name="InterpretationCreateTest" time="0.001" classname="test.resources.com.sirion.suite.interpretation.InterpretationCreation">
    <skipped/>
  </testcase> <!-- InterpretationCreateTest -->
  <testcase name="InterpretationCreateTest" time="0.002" classname="test.resources.com.sirion.suite.interpretation.InterpretationCreation">
    <skipped/>
  </testcase> <!-- InterpretationCreateTest -->
  <testcase name="InterpretationCreateTest" time="0.002" classname="test.resources.com.sirion.suite.interpretation.InterpretationCreation">
    <skipped/>
  </testcase> <!-- InterpretationCreateTest -->
  <testcase name="InterpretationCreateTest" time="0.001" classname="test.resources.com.sirion.suite.interpretation.InterpretationCreation">
    <skipped/>
  </testcase> <!-- InterpretationCreateTest -->
  <testcase name="InterpretationCreateTest" time="0.004" classname="test.resources.com.sirion.suite.interpretation.InterpretationCreation">
    <skipped/>
  </testcase> <!-- InterpretationCreateTest -->
  <testcase name="InterpretationCreateTest" time="0.003" classname="test.resources.com.sirion.suite.interpretation.InterpretationCreation">
    <skipped/>
  </testcase> <!-- InterpretationCreateTest -->
  <testcase name="InterpretationCreateTest" time="0.002" classname="test.resources.com.sirion.suite.interpretation.InterpretationCreation">
    <skipped/>
  </testcase> <!-- InterpretationCreateTest -->
  <testcase name="InterpretationCreateTest" time="0.001" classname="test.resources.com.sirion.suite.interpretation.InterpretationCreation">
    <skipped/>
  </testcase> <!-- InterpretationCreateTest -->
  <testcase name="InterpretationCreateTest" time="0.002" classname="test.resources.com.sirion.suite.interpretation.InterpretationCreation">
    <skipped/>
  </testcase> <!-- InterpretationCreateTest -->
</testsuite> <!-- Interpretation Creation Test -->
