<?xml version="1.0" encoding="UTF-8"?>
<!-- Generated by org.testng.reporters.JUnitXMLReporter -->
<testsuite hostname="SL-QA101-HGKDL" name="Default test" tests="2" failures="0" timestamp="26 Mar 2017 21:11:13 GMT" time="47.229" errors="0">
  <testcase name="roundTripTest" time="46.464" classname="test.resources.com.gojek.suite.flight.RoundTrip"/>
  <testcase name="roundTripTest" time="0.002" classname="test.resources.com.gojek.suite.flight.RoundTrip">
    <skipped/>
  </testcase> <!-- roundTripTest -->
</testsuite> <!-- Default test -->
