<?xml version="1.0" encoding="UTF-8"?>
<!-- Generated by org.testng.reporters.JUnitXMLReporter -->
<testsuite hostname="SL-QA101-HGKDL" name="Purchase Order Workflow" tests="1" failures="0" timestamp="2 Feb 2017 09:49:10 GMT" time="0.014" errors="0">
  <testcase name="@BeforeTest checkTestSkip" time="0.0" classname="test.resources.com.sirion.purchaseOrder.PurchaseOrderWorkflow">
    <skipped/>
  </testcase> <!-- @BeforeTest checkTestSkip -->
  <testcase name="@AfterMethod reportDataSetResult" time="0.0" classname="test.resources.com.sirion.purchaseOrder.PurchaseOrderWorkflow">
    <skipped/>
  </testcase> <!-- @AfterMethod reportDataSetResult -->
  <testcase name="@AfterTest reportTestResult" time="0.0" classname="test.resources.com.sirion.purchaseOrder.PurchaseOrderWorkflow">
    <skipped/>
  </testcase> <!-- @AfterTest reportTestResult -->
  <testcase name="PurchaseOrderWorkflowTest" time="0.001" classname="test.resources.com.sirion.purchaseOrder.PurchaseOrderWorkflow">
    <skipped/>
  </testcase> <!-- PurchaseOrderWorkflowTest -->
</testsuite> <!-- Purchase Order Workflow -->
