<?xml version="1.0" encoding="UTF-8"?>
<!-- Generated by org.testng.reporters.JUnitXMLReporter -->
<testsuite hostname="SL-QA101-HGKDL" name="Purchase Order Update" tests="1" failures="1" timestamp="2 Feb 2017 09:49:10 GMT" time="0.173" errors="0">
  <testcase name="PurchaseOrderTest" time="0.002" classname="test.resources.com.sirion.purchaseOrder.PurchaseOrderUpdate">
    <failure type="org.testng.TestNGException" message="
The data provider is trying to pass 13 parameters but the method test.resources.com.sirion.purchaseOrder.PurchaseOrderUpdate#PurchaseOrderTest takes 8">
      <![CDATA[org.testng.TestNGException: 
The data provider is trying to pass 13 parameters but the method test.resources.com.sirion.purchaseOrder.PurchaseOrderUpdate#PurchaseOrderTest takes 8
... Removed 18 stack frames]]>
    </failure>
  </testcase> <!-- PurchaseOrderTest -->
</testsuite> <!-- Purchase Order Update -->
