<?xml version="1.0" encoding="UTF-8"?>
<testsuite name="WOR - Creation"
           tests="2"
           failures="0"
           errors="0"
           skipped="1"
           time="60.041">
  <properties />
  
            <testcase name="WorkOrderCreationTest" time="0.0" classname="test.resources.com.sirion.suite.workOrderRequest.WORCreation">
          <skipped />
    </testcase>
  
            <testcase name="WorkOrderCreationTest" time="60.038" classname="test.resources.com.sirion.suite.workOrderRequest.WORCreation" />
      
</testsuite>
