<?xml version="1.0" encoding="UTF-8"?>
<testsuite name="Action Creation Test"
           tests="4"
           failures="0"
           errors="0"
           skipped="4"
           time="0.002">
  <properties />
  
            <testcase name="reportTestResult" time="0.0" classname="test.resources.com.sirion.suite.workOrderRequest.ActionCreation">
          <skipped />
    </testcase>
            <testcase name="reportDataSetResult" time="0.0" classname="test.resources.com.sirion.suite.workOrderRequest.ActionCreation">
          <skipped />
    </testcase>
            <testcase name="checkTestSkip" time="0.0" classname="test.resources.com.sirion.suite.workOrderRequest.ActionCreation">
          <skipped />
    </testcase>
            <testcase name="ActionCreation" time="0.0" classname="test.resources.com.sirion.suite.workOrderRequest.ActionCreation">
          <skipped />
    </testcase>
  
  
</testsuite>
