<?xml version="1.0" encoding="UTF-8"?>
<testng-results skipped="1" failed="0" total="2" passed="1">
  <reporter-output>
  </reporter-output>
  <suite name="Default suite" duration-ms="47229" started-at="2017-03-26T21:10:26Z" finished-at="2017-03-26T21:11:13Z">
    <groups>
      <group name="Flight Booking RoundTrip">
        <method signature="RoundTrip.roundTripTest(java.lang.String, java.lang.String, java.lang.String, java.lang.String, java.lang.String, java.lang.String, java.lang.String)[pri:0, instance:test.resources.com.gojek.suite.flight.RoundTrip@61b96457]" name="roundTripTest" class="test.resources.com.gojek.suite.flight.RoundTrip"/>
      </group> <!-- Flight Booking RoundTrip -->
    </groups>
    <test name="Default test" duration-ms="47229" started-at="2017-03-26T21:10:26Z" finished-at="2017-03-26T21:11:13Z">
      <class name="test.resources.com.gojek.suite.flight.RoundTrip">
        <test-method status="PASS" signature="checkSuiteSkip()[pri:0, instance:test.resources.com.gojek.suite.flight.RoundTrip@61b96457]" name="checkSuiteSkip" is-config="true" duration-ms="1237" started-at="2017-03-27T02:40:25Z" finished-at="2017-03-27T02:40:26Z">
          <reporter-output>
          </reporter-output>
        </test-method> <!-- checkSuiteSkip -->
        <test-method status="PASS" signature="checkTestSkip()[pri:0, instance:test.resources.com.gojek.suite.flight.RoundTrip@61b96457]" name="checkTestSkip" is-config="true" duration-ms="5" started-at="2017-03-27T02:40:26Z" finished-at="2017-03-27T02:40:26Z">
          <reporter-output>
          </reporter-output>
        </test-method> <!-- checkTestSkip -->
        <test-method status="PASS" signature="roundTripTest(java.lang.String, java.lang.String, java.lang.String, java.lang.String, java.lang.String, java.lang.String, java.lang.String)[pri:0, instance:test.resources.com.gojek.suite.flight.RoundTrip@61b96457]" name="roundTripTest" duration-ms="46464" started-at="2017-03-27T02:40:26Z" data-provider="Round trip Sheet" finished-at="2017-03-27T02:41:12Z">
          <params>
            <param index="0">
              <value>
                <![CDATA[New Delhi, IN - Indira Gandhi Airport (DEL)]]>
              </value>
            </param>
            <param index="1">
              <value>
                <![CDATA[Bangalore, IN - Kempegowda International Airport (BLR)]]>
              </value>
            </param>
            <param index="2">
              <value>
                <![CDATA[April-30-2017]]>
              </value>
            </param>
            <param index="3">
              <value>
                <![CDATA[May-31-2017]]>
              </value>
            </param>
            <param index="4">
              <value>
                <![CDATA[1.0]]>
              </value>
            </param>
            <param index="5">
              <value>
                <![CDATA[]]>
              </value>
            </param>
            <param index="6">
              <value>
                <![CDATA[]]>
              </value>
            </param>
          </params>
          <reporter-output>
          </reporter-output>
        </test-method> <!-- roundTripTest -->
        <test-method status="PASS" signature="reportDataSetResult()[pri:0, instance:test.resources.com.gojek.suite.flight.RoundTrip@61b96457]" name="reportDataSetResult" is-config="true" duration-ms="419" started-at="2017-03-27T02:41:12Z" finished-at="2017-03-27T02:41:13Z">
          <reporter-output>
          </reporter-output>
        </test-method> <!-- reportDataSetResult -->
        <test-method status="SKIP" signature="roundTripTest(java.lang.String, java.lang.String, java.lang.String, java.lang.String, java.lang.String, java.lang.String, java.lang.String)[pri:0, instance:test.resources.com.gojek.suite.flight.RoundTrip@61b96457]" name="roundTripTest" duration-ms="2" started-at="2017-03-27T02:41:13Z" data-provider="Round trip Sheet" finished-at="2017-03-27T02:41:13Z">
          <params>
            <param index="0">
              <value>
                <![CDATA[Bangalore, IN - Kempegowda International Airport (BLR)]]>
              </value>
            </param>
            <param index="1">
              <value>
                <![CDATA[New Delhi, IN - Indira Gandhi Airport (DEL)]]>
              </value>
            </param>
            <param index="2">
              <value>
                <![CDATA[April-30-2017]]>
              </value>
            </param>
            <param index="3">
              <value>
                <![CDATA[May-31-2017]]>
              </value>
            </param>
            <param index="4">
              <value>
                <![CDATA[2.0]]>
              </value>
            </param>
            <param index="5">
              <value>
                <![CDATA[]]>
              </value>
            </param>
            <param index="6">
              <value>
                <![CDATA[]]>
              </value>
            </param>
          </params>
          <exception class="org.testng.SkipException">
            <message>
              <![CDATA[Runmode for test set data set to no 1]]>
            </message>
            <full-stacktrace>
              <![CDATA[org.testng.SkipException: Runmode for test set data set to no 1
	at test.resources.com.gojek.suite.flight.RoundTrip.roundTripTest(RoundTrip.java:54)
	at sun.reflect.NativeMethodAccessorImpl.invoke0(Native Method)
	at sun.reflect.NativeMethodAccessorImpl.invoke(Unknown Source)
	at sun.reflect.DelegatingMethodAccessorImpl.invoke(Unknown Source)
	at java.lang.reflect.Method.invoke(Unknown Source)
	at org.testng.internal.MethodInvocationHelper.invokeMethod(MethodInvocationHelper.java:84)
	at org.testng.internal.Invoker.invokeMethod(Invoker.java:714)
	at org.testng.internal.Invoker.invokeTestMethod(Invoker.java:901)
	at org.testng.internal.Invoker.invokeTestMethods(Invoker.java:1231)
	at org.testng.internal.TestMethodWorker.invokeTestMethods(TestMethodWorker.java:127)
	at org.testng.internal.TestMethodWorker.run(TestMethodWorker.java:111)
	at org.testng.TestRunner.privateRun(TestRunner.java:767)
	at org.testng.TestRunner.run(TestRunner.java:617)
	at org.testng.SuiteRunner.runTest(SuiteRunner.java:348)
	at org.testng.SuiteRunner.runSequentially(SuiteRunner.java:343)
	at org.testng.SuiteRunner.privateRun(SuiteRunner.java:305)
	at org.testng.SuiteRunner.run(SuiteRunner.java:254)
	at org.testng.SuiteRunnerWorker.runSuite(SuiteRunnerWorker.java:52)
	at org.testng.SuiteRunnerWorker.run(SuiteRunnerWorker.java:86)
	at org.testng.TestNG.runSuitesSequentially(TestNG.java:1224)
	at org.testng.TestNG.runSuitesLocally(TestNG.java:1149)
	at org.testng.TestNG.run(TestNG.java:1057)
	at org.testng.remote.RemoteTestNG.run(RemoteTestNG.java:115)
	at org.testng.remote.RemoteTestNG.initAndRun(RemoteTestNG.java:207)
	at org.testng.remote.RemoteTestNG.main(RemoteTestNG.java:178)
]]>
            </full-stacktrace>
          </exception> <!-- org.testng.SkipException -->
          <reporter-output>
          </reporter-output>
        </test-method> <!-- roundTripTest -->
        <test-method status="PASS" signature="reportDataSetResult()[pri:0, instance:test.resources.com.gojek.suite.flight.RoundTrip@61b96457]" name="reportDataSetResult" is-config="true" duration-ms="132" started-at="2017-03-27T02:41:13Z" finished-at="2017-03-27T02:41:13Z">
          <reporter-output>
          </reporter-output>
        </test-method> <!-- reportDataSetResult -->
        <test-method status="PASS" signature="reportTestResult()[pri:0, instance:test.resources.com.gojek.suite.flight.RoundTrip@61b96457]" name="reportTestResult" is-config="true" duration-ms="170" started-at="2017-03-27T02:41:13Z" finished-at="2017-03-27T02:41:13Z">
          <reporter-output>
          </reporter-output>
        </test-method> <!-- reportTestResult -->
        <test-method status="PASS" signature="checkSuiteClosure()[pri:0, instance:test.resources.com.gojek.suite.flight.RoundTrip@61b96457]" name="checkSuiteClosure" is-config="true" duration-ms="1205" started-at="2017-03-27T02:41:13Z" finished-at="2017-03-27T02:41:14Z">
          <reporter-output>
          </reporter-output>
        </test-method> <!-- checkSuiteClosure -->
      </class> <!-- test.resources.com.gojek.suite.flight.RoundTrip -->
    </test> <!-- Default test -->
  </suite> <!-- Default suite -->
</testng-results>
