<?xml version="1.0" encoding="UTF-8"?>
<!-- Generated by org.testng.reporters.JUnitXMLReporter -->
<testsuite hostname="SL-QA101-HGKDL" name="Client Setup Admin Test - Create Client" tests="4" failures="0" timestamp="19 Jan 2017 14:18:16 GMT" time="0.047" errors="0">
  <testcase name="@BeforeTest checkTestSkip" time="0.0" classname="test.resources.com.sirion.suite.clientSetupAdmin.ClientSupplierCreation">
    <skipped/>
  </testcase> <!-- @BeforeTest checkTestSkip -->
  <testcase name="@AfterMethod reportDataSetResult" time="0.0" classname="test.resources.com.sirion.suite.clientSetupAdmin.ClientSupplierCreation">
    <skipped/>
  </testcase> <!-- @AfterMethod reportDataSetResult -->
  <testcase name="@AfterMethod reportDataSetResult" time="0.0" classname="test.resources.com.sirion.suite.clientSetupAdmin.ClientSupplierCreation">
    <skipped/>
  </testcase> <!-- @AfterMethod reportDataSetResult -->
  <testcase name="@AfterMethod reportDataSetResult" time="0.0" classname="test.resources.com.sirion.suite.clientSetupAdmin.ClientSupplierCreation">
    <skipped/>
  </testcase> <!-- @AfterMethod reportDataSetResult -->
  <testcase name="@AfterMethod reportDataSetResult" time="0.0" classname="test.resources.com.sirion.suite.clientSetupAdmin.ClientSupplierCreation">
    <skipped/>
  </testcase> <!-- @AfterMethod reportDataSetResult -->
  <testcase name="@AfterTest reportTestResult" time="0.0" classname="test.resources.com.sirion.suite.clientSetupAdmin.ClientSupplierCreation">
    <skipped/>
  </testcase> <!-- @AfterTest reportTestResult -->
  <testcase name="ClientSupplierCreate" time="0.0" classname="test.resources.com.sirion.suite.clientSetupAdmin.ClientSupplierCreation">
    <skipped/>
  </testcase> <!-- ClientSupplierCreate -->
  <testcase name="ClientSupplierCreate" time="0.0" classname="test.resources.com.sirion.suite.clientSetupAdmin.ClientSupplierCreation">
    <skipped/>
  </testcase> <!-- ClientSupplierCreate -->
  <testcase name="ClientSupplierCreate" time="0.0" classname="test.resources.com.sirion.suite.clientSetupAdmin.ClientSupplierCreation">
    <skipped/>
  </testcase> <!-- ClientSupplierCreate -->
  <testcase name="ClientSupplierCreate" time="0.0" classname="test.resources.com.sirion.suite.clientSetupAdmin.ClientSupplierCreation">
    <skipped/>
  </testcase> <!-- ClientSupplierCreate -->
</testsuite> <!-- Client Setup Admin Test - Create Client -->
