<?xml version="1.0" encoding="UTF-8"?>
<!-- Generated by org.testng.reporters.JUnitXMLReporter -->
<testsuite hostname="SL-QA101-HGKDL" name="Client Setup Admin Test - Application Provisioning Setup" tests="4" failures="0" timestamp="19 Jan 2017 14:18:17 GMT" time="0.016" errors="0">
  <testcase name="@BeforeTest checkTestSkip" time="0.0" classname="test.resources.com.sirion.suite.clientSetupAdmin.ApplicationProvisioning">
    <skipped/>
  </testcase> <!-- @BeforeTest checkTestSkip -->
  <testcase name="@AfterMethod reportDataSetResult" time="0.0" classname="test.resources.com.sirion.suite.clientSetupAdmin.ApplicationProvisioning">
    <skipped/>
  </testcase> <!-- @AfterMethod reportDataSetResult -->
  <testcase name="@AfterMethod reportDataSetResult" time="0.0" classname="test.resources.com.sirion.suite.clientSetupAdmin.ApplicationProvisioning">
    <skipped/>
  </testcase> <!-- @AfterMethod reportDataSetResult -->
  <testcase name="@AfterMethod reportDataSetResult" time="0.0" classname="test.resources.com.sirion.suite.clientSetupAdmin.ApplicationProvisioning">
    <skipped/>
  </testcase> <!-- @AfterMethod reportDataSetResult -->
  <testcase name="@AfterMethod reportDataSetResult" time="0.0" classname="test.resources.com.sirion.suite.clientSetupAdmin.ApplicationProvisioning">
    <skipped/>
  </testcase> <!-- @AfterMethod reportDataSetResult -->
  <testcase name="@AfterTest reportTestResult" time="0.0" classname="test.resources.com.sirion.suite.clientSetupAdmin.ApplicationProvisioning">
    <skipped/>
  </testcase> <!-- @AfterTest reportTestResult -->
  <testcase name="ApplicationProvisioning" time="0.0" classname="test.resources.com.sirion.suite.clientSetupAdmin.ApplicationProvisioning">
    <skipped/>
  </testcase> <!-- ApplicationProvisioning -->
  <testcase name="ApplicationProvisioning" time="0.0" classname="test.resources.com.sirion.suite.clientSetupAdmin.ApplicationProvisioning">
    <skipped/>
  </testcase> <!-- ApplicationProvisioning -->
  <testcase name="ApplicationProvisioning" time="0.0" classname="test.resources.com.sirion.suite.clientSetupAdmin.ApplicationProvisioning">
    <skipped/>
  </testcase> <!-- ApplicationProvisioning -->
  <testcase name="ApplicationProvisioning" time="0.0" classname="test.resources.com.sirion.suite.clientSetupAdmin.ApplicationProvisioning">
    <skipped/>
  </testcase> <!-- ApplicationProvisioning -->
</testsuite> <!-- Client Setup Admin Test - Application Provisioning Setup -->
