<?xml version="1.0" encoding="UTF-8"?>
<!-- Generated by org.testng.reporters.JUnitXMLReporter -->
<testsuite hostname="SL-QA101-HGKDL" name="User Admin Test - Logout" tests="1" failures="0" timestamp="19 Jan 2017 14:18:17 GMT" time="0.015" errors="0">
  <testcase name="@BeforeSuite checkSuiteSkip" time="0.0" classname="test.resources.com.sirion.suite.sirionUserAdmin.Logout">
    <skipped/>
  </testcase> <!-- @BeforeSuite checkSuiteSkip -->
  <testcase name="@BeforeTest checkTestSkip" time="0.0" classname="test.resources.com.sirion.suite.sirionUserAdmin.Logout">
    <skipped/>
  </testcase> <!-- @BeforeTest checkTestSkip -->
  <testcase name="@AfterMethod reportDataSetResult" time="0.0" classname="test.resources.com.sirion.suite.sirionUserAdmin.Logout">
    <skipped/>
  </testcase> <!-- @AfterMethod reportDataSetResult -->
  <testcase name="@AfterTest reportTestResult" time="0.0" classname="test.resources.com.sirion.suite.sirionUserAdmin.Logout">
    <skipped/>
  </testcase> <!-- @AfterTest reportTestResult -->
  <testcase name="ActionTypeCreation" time="0.0" classname="test.resources.com.sirion.suite.sirionUserAdmin.Logout">
    <skipped/>
  </testcase> <!-- ActionTypeCreation -->
</testsuite> <!-- User Admin Test - Logout -->
