<?xml version="1.0" encoding="UTF-8"?>
<!-- Generated by org.testng.reporters.JUnitXMLReporter -->
<testsuite hostname="SL-QA101-HGKDL" name="User Admin Test - Client Admin Creation" tests="20" failures="0" timestamp="19 Jan 2017 14:18:17 GMT" time="0.469" errors="0">
  <testcase name="@BeforeTest checkTestSkip" time="0.0" classname="test.resources.com.sirion.suite.sirionUserAdmin.ClientAdminCreation">
    <skipped/>
  </testcase> <!-- @BeforeTest checkTestSkip -->
  <testcase name="@AfterMethod reportDataSetResult" time="0.0" classname="test.resources.com.sirion.suite.sirionUserAdmin.ClientAdminCreation">
    <skipped/>
  </testcase> <!-- @AfterMethod reportDataSetResult -->
  <testcase name="@AfterMethod reportDataSetResult" time="0.0" classname="test.resources.com.sirion.suite.sirionUserAdmin.ClientAdminCreation">
    <skipped/>
  </testcase> <!-- @AfterMethod reportDataSetResult -->
  <testcase name="@AfterMethod reportDataSetResult" time="0.0" classname="test.resources.com.sirion.suite.sirionUserAdmin.ClientAdminCreation">
    <skipped/>
  </testcase> <!-- @AfterMethod reportDataSetResult -->
  <testcase name="@AfterMethod reportDataSetResult" time="0.0" classname="test.resources.com.sirion.suite.sirionUserAdmin.ClientAdminCreation">
    <skipped/>
  </testcase> <!-- @AfterMethod reportDataSetResult -->
  <testcase name="@AfterMethod reportDataSetResult" time="0.0" classname="test.resources.com.sirion.suite.sirionUserAdmin.ClientAdminCreation">
    <skipped/>
  </testcase> <!-- @AfterMethod reportDataSetResult -->
  <testcase name="@AfterMethod reportDataSetResult" time="0.0" classname="test.resources.com.sirion.suite.sirionUserAdmin.ClientAdminCreation">
    <skipped/>
  </testcase> <!-- @AfterMethod reportDataSetResult -->
  <testcase name="@AfterMethod reportDataSetResult" time="0.0" classname="test.resources.com.sirion.suite.sirionUserAdmin.ClientAdminCreation">
    <skipped/>
  </testcase> <!-- @AfterMethod reportDataSetResult -->
  <testcase name="@AfterMethod reportDataSetResult" time="0.0" classname="test.resources.com.sirion.suite.sirionUserAdmin.ClientAdminCreation">
    <skipped/>
  </testcase> <!-- @AfterMethod reportDataSetResult -->
  <testcase name="@AfterMethod reportDataSetResult" time="0.0" classname="test.resources.com.sirion.suite.sirionUserAdmin.ClientAdminCreation">
    <skipped/>
  </testcase> <!-- @AfterMethod reportDataSetResult -->
  <testcase name="@AfterMethod reportDataSetResult" time="0.0" classname="test.resources.com.sirion.suite.sirionUserAdmin.ClientAdminCreation">
    <skipped/>
  </testcase> <!-- @AfterMethod reportDataSetResult -->
  <testcase name="@AfterMethod reportDataSetResult" time="0.0" classname="test.resources.com.sirion.suite.sirionUserAdmin.ClientAdminCreation">
    <skipped/>
  </testcase> <!-- @AfterMethod reportDataSetResult -->
  <testcase name="@AfterMethod reportDataSetResult" time="0.0" classname="test.resources.com.sirion.suite.sirionUserAdmin.ClientAdminCreation">
    <skipped/>
  </testcase> <!-- @AfterMethod reportDataSetResult -->
  <testcase name="@AfterMethod reportDataSetResult" time="0.0" classname="test.resources.com.sirion.suite.sirionUserAdmin.ClientAdminCreation">
    <skipped/>
  </testcase> <!-- @AfterMethod reportDataSetResult -->
  <testcase name="@AfterMethod reportDataSetResult" time="0.0" classname="test.resources.com.sirion.suite.sirionUserAdmin.ClientAdminCreation">
    <skipped/>
  </testcase> <!-- @AfterMethod reportDataSetResult -->
  <testcase name="@AfterMethod reportDataSetResult" time="0.0" classname="test.resources.com.sirion.suite.sirionUserAdmin.ClientAdminCreation">
    <skipped/>
  </testcase> <!-- @AfterMethod reportDataSetResult -->
  <testcase name="@AfterMethod reportDataSetResult" time="0.0" classname="test.resources.com.sirion.suite.sirionUserAdmin.ClientAdminCreation">
    <skipped/>
  </testcase> <!-- @AfterMethod reportDataSetResult -->
  <testcase name="@AfterMethod reportDataSetResult" time="0.0" classname="test.resources.com.sirion.suite.sirionUserAdmin.ClientAdminCreation">
    <skipped/>
  </testcase> <!-- @AfterMethod reportDataSetResult -->
  <testcase name="@AfterMethod reportDataSetResult" time="0.0" classname="test.resources.com.sirion.suite.sirionUserAdmin.ClientAdminCreation">
    <skipped/>
  </testcase> <!-- @AfterMethod reportDataSetResult -->
  <testcase name="@AfterMethod reportDataSetResult" time="0.0" classname="test.resources.com.sirion.suite.sirionUserAdmin.ClientAdminCreation">
    <skipped/>
  </testcase> <!-- @AfterMethod reportDataSetResult -->
  <testcase name="@AfterMethod reportDataSetResult" time="0.0" classname="test.resources.com.sirion.suite.sirionUserAdmin.ClientAdminCreation">
    <skipped/>
  </testcase> <!-- @AfterMethod reportDataSetResult -->
  <testcase name="@AfterTest reportTestResult" time="0.0" classname="test.resources.com.sirion.suite.sirionUserAdmin.ClientAdminCreation">
    <skipped/>
  </testcase> <!-- @AfterTest reportTestResult -->
  <testcase name="CreateClientAdmin" time="0.0" classname="test.resources.com.sirion.suite.sirionUserAdmin.ClientAdminCreation">
    <skipped/>
  </testcase> <!-- CreateClientAdmin -->
  <testcase name="CreateClientAdmin" time="0.0" classname="test.resources.com.sirion.suite.sirionUserAdmin.ClientAdminCreation">
    <skipped/>
  </testcase> <!-- CreateClientAdmin -->
  <testcase name="CreateClientAdmin" time="0.0" classname="test.resources.com.sirion.suite.sirionUserAdmin.ClientAdminCreation">
    <skipped/>
  </testcase> <!-- CreateClientAdmin -->
  <testcase name="CreateClientAdmin" time="0.0" classname="test.resources.com.sirion.suite.sirionUserAdmin.ClientAdminCreation">
    <skipped/>
  </testcase> <!-- CreateClientAdmin -->
  <testcase name="CreateClientAdmin" time="0.0" classname="test.resources.com.sirion.suite.sirionUserAdmin.ClientAdminCreation">
    <skipped/>
  </testcase> <!-- CreateClientAdmin -->
  <testcase name="CreateClientAdmin" time="0.0" classname="test.resources.com.sirion.suite.sirionUserAdmin.ClientAdminCreation">
    <skipped/>
  </testcase> <!-- CreateClientAdmin -->
  <testcase name="CreateClientAdmin" time="0.0" classname="test.resources.com.sirion.suite.sirionUserAdmin.ClientAdminCreation">
    <skipped/>
  </testcase> <!-- CreateClientAdmin -->
  <testcase name="CreateClientAdmin" time="0.0" classname="test.resources.com.sirion.suite.sirionUserAdmin.ClientAdminCreation">
    <skipped/>
  </testcase> <!-- CreateClientAdmin -->
  <testcase name="CreateClientAdmin" time="0.0" classname="test.resources.com.sirion.suite.sirionUserAdmin.ClientAdminCreation">
    <skipped/>
  </testcase> <!-- CreateClientAdmin -->
  <testcase name="CreateClientAdmin" time="0.0" classname="test.resources.com.sirion.suite.sirionUserAdmin.ClientAdminCreation">
    <skipped/>
  </testcase> <!-- CreateClientAdmin -->
  <testcase name="CreateClientAdmin" time="0.297" classname="test.resources.com.sirion.suite.sirionUserAdmin.ClientAdminCreation">
    <skipped/>
  </testcase> <!-- CreateClientAdmin -->
  <testcase name="CreateClientAdmin" time="0.0" classname="test.resources.com.sirion.suite.sirionUserAdmin.ClientAdminCreation">
    <skipped/>
  </testcase> <!-- CreateClientAdmin -->
  <testcase name="CreateClientAdmin" time="0.0" classname="test.resources.com.sirion.suite.sirionUserAdmin.ClientAdminCreation">
    <skipped/>
  </testcase> <!-- CreateClientAdmin -->
  <testcase name="CreateClientAdmin" time="0.0" classname="test.resources.com.sirion.suite.sirionUserAdmin.ClientAdminCreation">
    <skipped/>
  </testcase> <!-- CreateClientAdmin -->
  <testcase name="CreateClientAdmin" time="0.0" classname="test.resources.com.sirion.suite.sirionUserAdmin.ClientAdminCreation">
    <skipped/>
  </testcase> <!-- CreateClientAdmin -->
  <testcase name="CreateClientAdmin" time="0.0" classname="test.resources.com.sirion.suite.sirionUserAdmin.ClientAdminCreation">
    <skipped/>
  </testcase> <!-- CreateClientAdmin -->
  <testcase name="CreateClientAdmin" time="0.0" classname="test.resources.com.sirion.suite.sirionUserAdmin.ClientAdminCreation">
    <skipped/>
  </testcase> <!-- CreateClientAdmin -->
  <testcase name="CreateClientAdmin" time="0.0" classname="test.resources.com.sirion.suite.sirionUserAdmin.ClientAdminCreation">
    <skipped/>
  </testcase> <!-- CreateClientAdmin -->
  <testcase name="CreateClientAdmin" time="0.0" classname="test.resources.com.sirion.suite.sirionUserAdmin.ClientAdminCreation">
    <skipped/>
  </testcase> <!-- CreateClientAdmin -->
  <testcase name="CreateClientAdmin" time="0.015" classname="test.resources.com.sirion.suite.sirionUserAdmin.ClientAdminCreation">
    <skipped/>
  </testcase> <!-- CreateClientAdmin -->
</testsuite> <!-- User Admin Test - Client Admin Creation -->
